
======== GPU REPORT ========

==============NVSMI LOG==============

Timestamp                                 : Thu May 30 15:13:52 2024
Driver Version                            : 535.161.08
CUDA Version                              : 12.2

Attached GPUs                             : 1
GPU 00000000:15:00.0
    Accounting Mode                       : Enabled
    Accounting Mode Buffer Size           : 4000
    Accounted Processes
        Process ID                        : 991534
            GPU Utilization               : 58 %
            Memory Utilization            : 53 %
            Max memory usage              : 14684 MiB
            Time                          : 14965 ms
            Is Running                    : 0
        Process ID                        : 992419
            GPU Utilization               : 45 %
            Memory Utilization            : 41 %
            Max memory usage              : 14682 MiB
            Time                          : 10626 ms
            Is Running                    : 0

Thu May 30 15:13:52 2024       
+---------------------------------------------------------------------------------------+
| NVIDIA-SMI 535.161.08             Driver Version: 535.161.08   CUDA Version: 12.2     |
|-----------------------------------------+----------------------+----------------------+
| GPU  Name                 Persistence-M | Bus-Id        Disp.A | Volatile Uncorr. ECC |
| Fan  Temp   Perf          Pwr:Usage/Cap |         Memory-Usage | GPU-Util  Compute M. |
|                                         |                      |               MIG M. |
|=========================================+======================+======================|
|   0  Quadro RTX 8000                On  | 00000000:15:00.0 Off |                    0 |
| 33%   28C    P8              22W / 260W |      1MiB / 46080MiB |      0%      Default |
|                                         |                      |                  N/A |
+-----------------------------------------+----------------------+----------------------+
                                                                                         
+---------------------------------------------------------------------------------------+
| Processes:                                                                            |
|  GPU   GI   CI        PID   Type   Process name                            GPU Memory |
|        ID   ID                                                             Usage      |
|=======================================================================================|
|  No running processes found                                                           |
+---------------------------------------------------------------------------------------+
